
[2026-05-26 15:14:05] Checked 200 objects

  Status changes (5)
    #  13  et doloremque nulla                                      completed -> pending
    # 154  rerum non ex sapiente                                    done -> completed
    #  38  totam quia non                                           done -> pending
    # 148  esse quas et quo quasi exercitationem                    done -> pending
    # 199  numquam repellendus a magnam                             done -> completed

[2026-05-26 18:15:45] Checked 200 objects

  Status changes (5)
    # 198  quis eius est sint explicabo                             done -> completed
    # 197  dignissimos quo nobis earum saepe                        done -> completed
    # 186  explicabo odio est et                                    done -> pending
    # 199  numquam repellendus a magnam                             done -> completed
    # 200  ipsam aperiam voluptates qui                             done -> pending

[2026-05-26 20:28:58] Checked 200 objects
  No changes detected.

[2026-05-26 22:06:09] Checked 200 objects
  No changes detected.

[2026-05-26 23:36:35] Checked 200 objects
  No changes detected.

[2026-05-27 02:15:07] Checked 200 objects
  No changes detected.

[2026-05-27 06:43:47] Checked 200 objects
  No changes detected.

[2026-05-27 10:46:04] Checked 200 objects
  No changes detected.

[2026-05-27 14:18:54] Checked 200 objects
  No changes detected.

[2026-05-27 17:38:37] Checked 200 objects
  No changes detected.

[2026-05-27 19:58:35] Checked 200 objects
  No changes detected.

[2026-05-27 21:53:56] Checked 200 objects
  No changes detected.

[2026-05-27 23:08:59] Checked 200 objects
  No changes detected.

[2026-05-28 01:21:11] Checked 200 objects
  No changes detected.

[2026-05-28 05:40:15] Checked 200 objects
  No changes detected.
